Using pre-set license
Built from '2020.3/release' branch; Version is '2020.3.7f1 (dd97f2c94397) revision 14522354'; Using compiler version '192528614'; Build Type 'Release'
OS: 'Windows 10 Pro; OS build 19043.1288; Version 2009; 64bit' Language: 'en' Physical Memory: 16330 MB
BatchMode: 1, IsHumanControllingUs: 0, StartBugReporterOnCrash: 0, Is64bit: 1, IsPro: 0

 COMMAND LINE ARGUMENTS:
D:\Unity\2020.3.7f1\Editor\Unity.exe
-adb2
-batchMode
-noUpm
-name
AssetImportWorker0
-projectPath
D:/Unity/RPG-Core-Combat/RPG Core Combat
-logFile
Logs/AssetImportWorker0.log
-srvPort
58288
Successfully changed project path to: D:/Unity/RPG-Core-Combat/RPG Core Combat
D:/Unity/RPG-Core-Combat/RPG Core Combat
Using Asset Import Pipeline V2.
Refreshing native plugins compatible for Editor in 14.89 ms, found 0 plugins.
Preloading 0 native plugins for Editor in 0.00 ms.
Initialize engine version: 2020.3.7f1 (dd97f2c94397)
[Subsystems] Discovering subsystems at path D:/Unity/2020.3.7f1/Editor/Data/Resources/UnitySubsystems
[Subsystems] Discovering subsystems at path D:/Unity/RPG-Core-Combat/RPG Core Combat/Assets
GfxDevice: creating device client; threaded=0
Direct3D:
    Version:  Direct3D 11.0 [level 11.1]
    Renderer: NVIDIA GeForce RTX 3060 Ti (ID=0x2489)
    Vendor:   
    VRAM:     8050 MB
    Driver:   30.0.14.7212
Initialize mono
Mono path[0] = 'D:/Unity/2020.3.7f1/Editor/Data/Managed'
Mono path[1] = 'D:/Unity/2020.3.7f1/Editor/Data/MonoBleedingEdge/lib/mono/unityjit'
Mono config path = 'D:/Unity/2020.3.7f1/Editor/Data/MonoBleedingEdge/etc'
Using monoOptions --debugger-agent=transport=dt_socket,embedding=1,server=y,suspend=n,address=127.0.0.1:56548
Begin MonoManager ReloadAssembly
Registering precompiled unity dll's ...
Register platform support module: D:/Unity/2020.3.7f1/Editor/Data/PlaybackEngines/WindowsStandaloneSupport/UnityEditor.WindowsStandalone.Extensions.dll
Registered in 0.001004 seconds.
Native extension for WindowsStandalone target not found
Refreshing native plugins compatible for Editor in 15.90 ms, found 0 plugins.
Preloading 0 native plugins for Editor in 0.00 ms.
Mono: successfully reloaded assembly
- Completed reload, in  0.573 seconds
Platform modules already initialized, skipping
Registering precompiled user dll's ...
Registered in 0.000435 seconds.
Begin MonoManager ReloadAssembly
Native extension for WindowsStandalone target not found
Refreshing native plugins compatible for Editor in 0.20 ms, found 0 plugins.
Preloading 0 native plugins for Editor in 0.00 ms.
Mono: successfully reloaded assembly
- Completed reload, in  0.502 seconds
Platform modules already initialized, skipping
========================================================================
Worker process is ready to serve import requests
Launched and connected shader compiler UnityShaderCompiler.exe after 0.03 seconds
Refreshing native plugins compatible for Editor in 0.20 ms, found 0 plugins.
Preloading 0 native plugins for Editor in 0.00 ms.
Unloading 1115 Unused Serialized files (Serialized files now loaded: 0)
System memory in use before: 69.3 MB.
System memory in use after: 69.3 MB.

Unloading 10 unused Assets to reduce memory usage. Loaded Objects now: 1571.
Total: 1.491100 ms (FindLiveObjects: 0.133800 ms CreateObjectMapping: 0.026900 ms MarkObjects: 1.267600 ms  DeleteObjects: 0.061800 ms)

========================================================================
Received Import Request.
  path: Assets
  artifactKey: Guid(00000000000000001000000000000000) Importer(815301076,1909f56bfc062723c751e8b465ee728b)
Start importing Assets using Guid(00000000000000001000000000000000) Importer(815301076,1909f56bfc062723c751e8b465ee728b)  -> (artifact id: '5f6a1853b736837ecfb0820a881449cb') in 0.006555 seconds
  Import took 0.014786 seconds .

========================================================================
Received Import Request.
  Time since last request: 2.827686 seconds.
  path: Assets/Prefabs
  artifactKey: Guid(eaaf9319d04252b468f4f63133a5ac57) Importer(815301076,1909f56bfc062723c751e8b465ee728b)
Start importing Assets/Prefabs using Guid(eaaf9319d04252b468f4f63133a5ac57) Importer(815301076,1909f56bfc062723c751e8b465ee728b)  -> (artifact id: '312cdb7df2f0af630d4de6f2f83dcd6f') in 0.005694 seconds
  Import took 0.007242 seconds .

========================================================================
Received Import Request.
  Time since last request: 4.708946 seconds.
  path: Assets/Scripts
  artifactKey: Guid(2975bc69baaf07d4886be5fd7fd8b8f2) Importer(815301076,1909f56bfc062723c751e8b465ee728b)
Start importing Assets/Scripts using Guid(2975bc69baaf07d4886be5fd7fd8b8f2) Importer(815301076,1909f56bfc062723c751e8b465ee728b)  -> (artifact id: '46ecb719e991064e2596f687cad8596f') in 0.005563 seconds
  Import took 0.007332 seconds .

========================================================================
Received Import Request.
  Time since last request: 6.753924 seconds.
  path: Assets/[Game]
  artifactKey: Guid(1937ceccd68bfc54ebe8a30c853b326f) Importer(815301076,1909f56bfc062723c751e8b465ee728b)
Start importing Assets/[Game] using Guid(1937ceccd68bfc54ebe8a30c853b326f) Importer(815301076,1909f56bfc062723c751e8b465ee728b)  -> (artifact id: '10b776184d6791fe499f0012cccfa88f') in 0.004879 seconds
  Import took 0.006508 seconds .

========================================================================
Received Import Request.
  Time since last request: 0.003177 seconds.
  path: Assets/[Game]
  artifactKey: Guid(1937ceccd68bfc54ebe8a30c853b326f) Importer(815301076,1909f56bfc062723c751e8b465ee728b)
Start importing Assets/[Game] using Guid(1937ceccd68bfc54ebe8a30c853b326f) Importer(815301076,1909f56bfc062723c751e8b465ee728b)  -> (artifact id: '10b776184d6791fe499f0012cccfa88f') in 0.001376 seconds
  Import took 0.002320 seconds .

========================================================================
Received Import Request.
  Time since last request: 5.480912 seconds.
  path: Assets/Scenes
  artifactKey: Guid(29d52f2bc2521eb46abe5ea0df26efa7) Importer(815301076,1909f56bfc062723c751e8b465ee728b)
Start importing Assets/Scenes using Guid(29d52f2bc2521eb46abe5ea0df26efa7) Importer(815301076,1909f56bfc062723c751e8b465ee728b)  -> (artifact id: '4e0512e44c5645c326729177798c69cc') in 0.004993 seconds
  Import took 0.010868 seconds .

========================================================================
Received Prepare
Registering precompiled user dll's ...
Registered in 0.000535 seconds.
Begin MonoManager ReloadAssembly
Native extension for WindowsStandalone target not found
Refreshing native plugins compatible for Editor in 0.22 ms, found 0 plugins.
Preloading 0 native plugins for Editor in 0.00 ms.
Mono: successfully reloaded assembly
- Completed reload, in  0.563 seconds
Platform modules already initialized, skipping
Refreshing native plugins compatible for Editor in 0.17 ms, found 0 plugins.
Preloading 0 native plugins for Editor in 0.00 ms.
Unloading 1110 Unused Serialized files (Serialized files now loaded: 0)
System memory in use before: 69.2 MB.
System memory in use after: 69.3 MB.

Unloading 5 unused Assets to reduce memory usage. Loaded Objects now: 1574.
Total: 2.568700 ms (FindLiveObjects: 0.428800 ms CreateObjectMapping: 0.046900 ms MarkObjects: 2.022300 ms  DeleteObjects: 0.069500 ms)

========================================================================
Received Prepare
Registering precompiled user dll's ...
Registered in 0.000504 seconds.
Begin MonoManager ReloadAssembly
Native extension for WindowsStandalone target not found
Refreshing native plugins compatible for Editor in 0.22 ms, found 0 plugins.
Preloading 0 native plugins for Editor in 0.00 ms.
Mono: successfully reloaded assembly
- Completed reload, in  0.517 seconds
Platform modules already initialized, skipping
Refreshing native plugins compatible for Editor in 0.20 ms, found 0 plugins.
Preloading 0 native plugins for Editor in 0.00 ms.
Unloading 1110 Unused Serialized files (Serialized files now loaded: 0)
System memory in use before: 69.2 MB.
System memory in use after: 69.3 MB.

Unloading 5 unused Assets to reduce memory usage. Loaded Objects now: 1577.
Total: 1.432600 ms (FindLiveObjects: 0.132000 ms CreateObjectMapping: 0.026200 ms MarkObjects: 1.223600 ms  DeleteObjects: 0.050000 ms)

AssetImportWorkerClient::OnTransportError - code=2 error=End of file
