Using pre-set license
Built from '2020.3/release' branch; Version is '2020.3.7f1 (dd97f2c94397) revision 14522354'; Using compiler version '192528614'; Build Type 'Release'
OS: 'Windows 10 Home Single Language; OS build 19043.1237; Version 2009; 64bit' Language: 'tr' Physical Memory: 16267 MB
BatchMode: 1, IsHumanControllingUs: 0, StartBugReporterOnCrash: 0, Is64bit: 1, IsPro: 0

 COMMAND LINE ARGUMENTS:
C:\Users\asus\Desktop\Unity\2020.3.7f1\Editor\Unity.exe
-adb2
-batchMode
-noUpm
-name
AssetImportWorker0
-projectPath
C:/Users/asus/OneDrive/Belgeler/GitHub/RPG-Core-Combat/RPG Core Combat
-logFile
Logs/AssetImportWorker0.log
-srvPort
53050
Successfully changed project path to: C:/Users/asus/OneDrive/Belgeler/GitHub/RPG-Core-Combat/RPG Core Combat
C:/Users/asus/OneDrive/Belgeler/GitHub/RPG-Core-Combat/RPG Core Combat
Using Asset Import Pipeline V2.
Refreshing native plugins compatible for Editor in 37.33 ms, found 0 plugins.
Preloading 0 native plugins for Editor in 0.00 ms.
Initialize engine version: 2020.3.7f1 (dd97f2c94397)
[Subsystems] Discovering subsystems at path C:/Users/asus/Desktop/Unity/2020.3.7f1/Editor/Data/Resources/UnitySubsystems
[Subsystems] Discovering subsystems at path C:/Users/asus/OneDrive/Belgeler/GitHub/RPG-Core-Combat/RPG Core Combat/Assets
GfxDevice: creating device client; threaded=0
Direct3D:
    Version:  Direct3D 11.0 [level 11.0]
    Renderer: NVIDIA GeForce GTX 850M (ID=0x1391)
    Vendor:   
    VRAM:     4055 MB
Initialize mono
Mono path[0] = 'C:/Users/asus/Desktop/Unity/2020.3.7f1/Editor/Data/Managed'
Mono path[1] = 'C:/Users/asus/Desktop/Unity/2020.3.7f1/Editor/Data/MonoBleedingEdge/lib/mono/unityjit'
Mono config path = 'C:/Users/asus/Desktop/Unity/2020.3.7f1/Editor/Data/MonoBleedingEdge/etc'
Using monoOptions --debugger-agent=transport=dt_socket,embedding=1,server=y,suspend=n,address=127.0.0.1:56156
Begin MonoManager ReloadAssembly
Registering precompiled unity dll's ...
Register platform support module: C:/Users/asus/Desktop/Unity/2020.3.7f1/Editor/Data/PlaybackEngines/WindowsStandaloneSupport/UnityEditor.WindowsStandalone.Extensions.dll
Registered in 0.003016 seconds.
Native extension for WindowsStandalone target not found
Refreshing native plugins compatible for Editor in 31.71 ms, found 0 plugins.
Preloading 0 native plugins for Editor in 0.00 ms.
Mono: successfully reloaded assembly
- Completed reload, in  2.453 seconds
Platform modules already initialized, skipping
Registering precompiled user dll's ...
Registered in 0.000897 seconds.
Begin MonoManager ReloadAssembly
Native extension for WindowsStandalone target not found
Refreshing native plugins compatible for Editor in 0.41 ms, found 0 plugins.
Preloading 0 native plugins for Editor in 0.00 ms.
Mono: successfully reloaded assembly
- Completed reload, in  1.117 seconds
Platform modules already initialized, skipping
========================================================================
Worker process is ready to serve import requests
Launched and connected shader compiler UnityShaderCompiler.exe after 0.06 seconds
Refreshing native plugins compatible for Editor in 0.25 ms, found 0 plugins.
Preloading 0 native plugins for Editor in 0.00 ms.
Unloading 1115 Unused Serialized files (Serialized files now loaded: 0)
System memory in use before: 56.9 MB.
System memory in use after: 57.0 MB.

Unloading 9 unused Assets to reduce memory usage. Loaded Objects now: 1558.
Total: 5.859600 ms (FindLiveObjects: 0.822100 ms CreateObjectMapping: 0.676800 ms MarkObjects: 4.224900 ms  DeleteObjects: 0.132700 ms)

========================================================================
Received Import Request.
  path: Assets/Player.prefab
  artifactKey: Guid(671334bc5c0e8a146a0b3af88f3f0a39) Importer(815301076,1909f56bfc062723c751e8b465ee728b)
Start importing Assets/Player.prefab using Guid(671334bc5c0e8a146a0b3af88f3f0a39) Importer(815301076,1909f56bfc062723c751e8b465ee728b)  -> (artifact id: 'bfee840387f7dc479b217c7c9cee3e79') in 0.419597 seconds
  Import took 0.422826 seconds .

========================================================================
Received Import Request.
  Time since last request: 0.000241 seconds.
  path: Assets/New Terrain.asset
  artifactKey: Guid(88bb8dea7d645bc499e373e93cf4c66b) Importer(815301076,1909f56bfc062723c751e8b465ee728b)
Start importing Assets/New Terrain.asset using Guid(88bb8dea7d645bc499e373e93cf4c66b) Importer(815301076,1909f56bfc062723c751e8b465ee728b)  -> (artifact id: '0b5015d8b859e18c623db50158fee55d') in 0.066165 seconds
  Import took 0.069408 seconds .

========================================================================
Received Import Request.
  Time since last request: 63.548318 seconds.
  path: Assets/[Game]/NewLayer.terrainlayer
  artifactKey: Guid(080a0cdd221353f4f803679e045daf9a) Importer(815301076,1909f56bfc062723c751e8b465ee728b)
Start importing Assets/[Game]/NewLayer.terrainlayer using Guid(080a0cdd221353f4f803679e045daf9a) Importer(815301076,1909f56bfc062723c751e8b465ee728b)  -> (artifact id: 'c21efb653190b09aaca14b47ad4d15d5') in 0.029056 seconds
  Import took 0.031426 seconds .

========================================================================
Received Import Request.
  Time since last request: 0.887710 seconds.
  path: Assets/[Game]/Scenes
  artifactKey: Guid(29d52f2bc2521eb46abe5ea0df26efa7) Importer(815301076,1909f56bfc062723c751e8b465ee728b)
Start importing Assets/[Game]/Scenes using Guid(29d52f2bc2521eb46abe5ea0df26efa7) Importer(815301076,1909f56bfc062723c751e8b465ee728b)  -> (artifact id: '3a7fb0736bac89a8d739aa4e26850b1a') in 0.007379 seconds
  Import took 0.009747 seconds .

========================================================================
Received Import Request.
  Time since last request: 0.008608 seconds.
  path: Assets/[Game]/Scenes
  artifactKey: Guid(29d52f2bc2521eb46abe5ea0df26efa7) Importer(815301076,1909f56bfc062723c751e8b465ee728b)
Start importing Assets/[Game]/Scenes using Guid(29d52f2bc2521eb46abe5ea0df26efa7) Importer(815301076,1909f56bfc062723c751e8b465ee728b)  -> (artifact id: '3a7fb0736bac89a8d739aa4e26850b1a') in 0.002482 seconds
  Import took 0.004948 seconds .

========================================================================
Received Import Request.
  Time since last request: 1.150049 seconds.
  path: Assets/[Game]/Scenes/Game.unity
  artifactKey: Guid(9fc0d4010bbf28b4594072e72b8655ab) Importer(815301076,1909f56bfc062723c751e8b465ee728b)
Start importing Assets/[Game]/Scenes/Game.unity using Guid(9fc0d4010bbf28b4594072e72b8655ab) Importer(815301076,1909f56bfc062723c751e8b465ee728b)  -> (artifact id: '9a763c7f26ad63c2a431e564456712f8') in 0.012710 seconds
  Import took 0.015946 seconds .

